0 info it worked if it ends with ok
1 verbose cli [ 'node', '/usr/local/bin/npm', 'install', 'yulp' ]
2 info using npm@2.11.2
3 info using node@v0.10.31
4 verbose install initial load of /Users/YOYU/IntelXDK/SmartPot/webapp/package.json
5 warn package.json webapp@0.0.0 No description
6 warn package.json webapp@0.0.0 No repository field.
7 warn package.json webapp@0.0.0 No README data
8 warn package.json webapp@0.0.0 No license field.
9 verbose installManyTop reading scoped package data from /Users/YOYU/IntelXDK/SmartPot/webapp/node_modules/browser-sync/package.json
10 verbose installManyTop reading scoped package data from /Users/YOYU/IntelXDK/SmartPot/webapp/node_modules/browser-sync-spa/package.json
11 verbose installManyTop reading scoped package data from /Users/YOYU/IntelXDK/SmartPot/webapp/node_modules/chalk/package.json
12 verbose installManyTop reading scoped package data from /Users/YOYU/IntelXDK/SmartPot/webapp/node_modules/concat-stream/package.json
13 verbose installManyTop reading scoped package data from /Users/YOYU/IntelXDK/SmartPot/webapp/node_modules/del/package.json
14 verbose installManyTop reading scoped package data from /Users/YOYU/IntelXDK/SmartPot/webapp/node_modules/gulp/package.json
15 verbose installManyTop reading scoped package data from /Users/YOYU/IntelXDK/SmartPot/webapp/node_modules/gulp-angular-filesort/package.json
16 verbose installManyTop reading scoped package data from /Users/YOYU/IntelXDK/SmartPot/webapp/node_modules/gulp-angular-templatecache/package.json
17 verbose installManyTop reading scoped package data from /Users/YOYU/IntelXDK/SmartPot/webapp/node_modules/gulp-autoprefixer/package.json
18 verbose installManyTop reading scoped package data from /Users/YOYU/IntelXDK/SmartPot/webapp/node_modules/gulp-cache/package.json
19 verbose installManyTop reading scoped package data from /Users/YOYU/IntelXDK/SmartPot/webapp/node_modules/gulp-csso/package.json
20 verbose installManyTop reading scoped package data from /Users/YOYU/IntelXDK/SmartPot/webapp/node_modules/gulp-filter/package.json
21 verbose installManyTop reading scoped package data from /Users/YOYU/IntelXDK/SmartPot/webapp/node_modules/gulp-flatten/package.json
22 verbose installManyTop reading scoped package data from /Users/YOYU/IntelXDK/SmartPot/webapp/node_modules/gulp-imagemin/package.json
23 verbose installManyTop reading scoped package data from /Users/YOYU/IntelXDK/SmartPot/webapp/node_modules/gulp-inject/package.json
24 verbose installManyTop reading scoped package data from /Users/YOYU/IntelXDK/SmartPot/webapp/node_modules/gulp-jshint/package.json
25 verbose installManyTop reading scoped package data from /Users/YOYU/IntelXDK/SmartPot/webapp/node_modules/gulp-load-plugins/package.json
26 verbose installManyTop reading scoped package data from /Users/YOYU/IntelXDK/SmartPot/webapp/node_modules/gulp-minify-html/package.json
27 verbose installManyTop reading scoped package data from /Users/YOYU/IntelXDK/SmartPot/webapp/node_modules/gulp-ng-annotate/package.json
28 verbose installManyTop reading scoped package data from /Users/YOYU/IntelXDK/SmartPot/webapp/node_modules/gulp-postcss/package.json
29 verbose installManyTop reading scoped package data from /Users/YOYU/IntelXDK/SmartPot/webapp/node_modules/gulp-protractor/package.json
30 verbose installManyTop reading scoped package data from /Users/YOYU/IntelXDK/SmartPot/webapp/node_modules/gulp-rename/package.json
31 verbose installManyTop reading scoped package data from /Users/YOYU/IntelXDK/SmartPot/webapp/node_modules/gulp-replace/package.json
32 verbose installManyTop reading scoped package data from /Users/YOYU/IntelXDK/SmartPot/webapp/node_modules/gulp-rev/package.json
33 verbose installManyTop reading scoped package data from /Users/YOYU/IntelXDK/SmartPot/webapp/node_modules/gulp-rev-replace/package.json
34 verbose installManyTop reading scoped package data from /Users/YOYU/IntelXDK/SmartPot/webapp/node_modules/gulp-sass/package.json
35 verbose installManyTop reading scoped package data from /Users/YOYU/IntelXDK/SmartPot/webapp/node_modules/gulp-size/package.json
36 verbose installManyTop reading scoped package data from /Users/YOYU/IntelXDK/SmartPot/webapp/node_modules/gulp-sourcemaps/package.json
37 verbose installManyTop reading scoped package data from /Users/YOYU/IntelXDK/SmartPot/webapp/node_modules/gulp-uglify/package.json
38 verbose installManyTop reading scoped package data from /Users/YOYU/IntelXDK/SmartPot/webapp/node_modules/gulp-useref/package.json
39 verbose installManyTop reading scoped package data from /Users/YOYU/IntelXDK/SmartPot/webapp/node_modules/gulp-util/package.json
40 verbose installManyTop reading scoped package data from /Users/YOYU/IntelXDK/SmartPot/webapp/node_modules/http-proxy/package.json
41 verbose installManyTop reading scoped package data from /Users/YOYU/IntelXDK/SmartPot/webapp/node_modules/jasmine-core/package.json
42 verbose installManyTop reading scoped package data from /Users/YOYU/IntelXDK/SmartPot/webapp/node_modules/jshint-stylish/package.json
43 verbose installManyTop reading scoped package data from /Users/YOYU/IntelXDK/SmartPot/webapp/node_modules/karma/package.json
44 verbose installManyTop reading scoped package data from /Users/YOYU/IntelXDK/SmartPot/webapp/node_modules/karma-jasmine/package.json
45 verbose installManyTop reading scoped package data from /Users/YOYU/IntelXDK/SmartPot/webapp/node_modules/karma-ng-html2js-preprocessor/package.json
46 verbose installManyTop reading scoped package data from /Users/YOYU/IntelXDK/SmartPot/webapp/node_modules/karma-phantomjs-launcher/package.json
47 verbose installManyTop reading scoped package data from /Users/YOYU/IntelXDK/SmartPot/webapp/node_modules/lodash/package.json
48 verbose installManyTop reading scoped package data from /Users/YOYU/IntelXDK/SmartPot/webapp/node_modules/main-bower-files/package.json
49 verbose installManyTop reading scoped package data from /Users/YOYU/IntelXDK/SmartPot/webapp/node_modules/merge-stream/package.json
50 verbose installManyTop reading scoped package data from /Users/YOYU/IntelXDK/SmartPot/webapp/node_modules/protractor/package.json
51 verbose installManyTop reading scoped package data from /Users/YOYU/IntelXDK/SmartPot/webapp/node_modules/require-dir/package.json
52 verbose installManyTop reading scoped package data from /Users/YOYU/IntelXDK/SmartPot/webapp/node_modules/uglify-save-license/package.json
53 verbose installManyTop reading scoped package data from /Users/YOYU/IntelXDK/SmartPot/webapp/node_modules/wiredep/package.json
54 verbose installManyTop reading scoped package data from /Users/YOYU/IntelXDK/SmartPot/webapp/node_modules/wrench/package.json
55 verbose installManyTop reading scoped package data from /Users/YOYU/IntelXDK/SmartPot/webapp/node_modules/yo/package.json
56 info package.json browser-sync@2.1.6 No license field.
57 info package.json gulp@3.8.11 No license field.
58 info package.json gulp-minify-html@0.1.8 No license field.
59 info package.json gulp-ng-annotate@0.5.3 license should be a valid SPDX license expression
60 info package.json gulp-protractor@0.0.12 No license field.
61 info package.json gulp-rename@1.2.2 No license field.
62 info package.json require-dir@0.1.0 No license field.
63 info package.json uglify-save-license@0.4.1 No license field.
64 info package.json wiredep@2.2.2 No license field.
65 info package.json wrench@1.5.8 No license field.
66 info package.json gulp-inject@1.1.1 No license field.
67 info package.json gulp-jshint@1.9.4 No license field.
68 verbose readDependencies loading dependencies from /Users/YOYU/IntelXDK/SmartPot/webapp/package.json
69 silly cache add args [ 'yulp', null ]
70 verbose cache add spec yulp
71 silly cache add parsed spec { raw: 'yulp',
71 silly cache add   scope: null,
71 silly cache add   name: 'yulp',
71 silly cache add   rawSpec: '',
71 silly cache add   spec: '*',
71 silly cache add   type: 'range' }
72 silly addNamed yulp@*
73 verbose addNamed "*" is a valid semver range for yulp
74 silly addNameRange { name: 'yulp', range: '*', hasData: false }
75 silly mapToRegistry name yulp
76 silly mapToRegistry using default registry
77 silly mapToRegistry registry https://registry.npmjs.org/
78 silly mapToRegistry uri https://registry.npmjs.org/yulp
79 verbose addNameRange registry:https://registry.npmjs.org/yulp not in flight; fetching
80 verbose request uri https://registry.npmjs.org/yulp
81 verbose request no auth needed
82 info attempt registry request try #1 at 10:53:39
83 verbose request id 58c08c34e28cf690
84 http request GET https://registry.npmjs.org/yulp
85 http 404 https://registry.npmjs.org/yulp
86 verbose headers { server: 'CouchDB/1.5.0 (Erlang OTP/R16B03)',
86 verbose headers   'content-type': 'application/json',
86 verbose headers   'cache-control': 'max-age=0',
86 verbose headers   'content-length': '51',
86 verbose headers   'accept-ranges': 'bytes',
86 verbose headers   date: 'Sun, 14 Jun 2015 09:53:35 GMT',
86 verbose headers   via: '1.1 varnish',
86 verbose headers   age: '0',
86 verbose headers   connection: 'keep-alive',
86 verbose headers   'x-served-by': 'cache-ams4143-AMS',
86 verbose headers   'x-cache': 'MISS',
86 verbose headers   'x-cache-hits': '0',
86 verbose headers   'x-timer': 'S1434275614.913127,VS0,VE678' }
87 silly get cb [ 404,
87 silly get   { server: 'CouchDB/1.5.0 (Erlang OTP/R16B03)',
87 silly get     'content-type': 'application/json',
87 silly get     'cache-control': 'max-age=0',
87 silly get     'content-length': '51',
87 silly get     'accept-ranges': 'bytes',
87 silly get     date: 'Sun, 14 Jun 2015 09:53:35 GMT',
87 silly get     via: '1.1 varnish',
87 silly get     age: '0',
87 silly get     connection: 'keep-alive',
87 silly get     'x-served-by': 'cache-ams4143-AMS',
87 silly get     'x-cache': 'MISS',
87 silly get     'x-cache-hits': '0',
87 silly get     'x-timer': 'S1434275614.913127,VS0,VE678' } ]
88 verbose stack Error: 404 Not Found: yulp
88 verbose stack     at CachingRegistryClient.<anonymous> (/usr/local/lib/node_modules/npm/node_modules/npm-registry-client/lib/request.js:245:14)
88 verbose stack     at Request._callback (/usr/local/lib/node_modules/npm/node_modules/npm-registry-client/lib/request.js:170:14)
88 verbose stack     at Request.self.callback (/usr/local/lib/node_modules/npm/node_modules/request/request.js:354:22)
88 verbose stack     at Request.emit (events.js:98:17)
88 verbose stack     at Request.<anonymous> (/usr/local/lib/node_modules/npm/node_modules/request/request.js:1207:14)
88 verbose stack     at Request.emit (events.js:117:20)
88 verbose stack     at IncomingMessage.<anonymous> (/usr/local/lib/node_modules/npm/node_modules/request/request.js:1153:12)
88 verbose stack     at IncomingMessage.emit (events.js:117:20)
88 verbose stack     at _stream_readable.js:943:16
88 verbose stack     at process._tickCallback (node.js:419:13)
89 verbose statusCode 404
90 verbose pkgid yulp
91 verbose cwd /Users/YOYU/IntelXDK/SmartPot/webapp
92 error Darwin 14.3.0
93 error argv "node" "/usr/local/bin/npm" "install" "yulp"
94 error node v0.10.31
95 error npm  v2.11.2
96 error code E404
97 error 404 Not Found: yulp
97 error 404
97 error 404 'yulp' is not in the npm registry.
97 error 404 You should bug the author to publish it (or use the name yourself!)
97 error 404 It was specified as a dependency of 'webapp'
97 error 404
97 error 404 Note that you can also install from a
97 error 404 tarball, folder, http url, or git url.
98 verbose exit [ 1, true ]
